Using pre-set license
Built from '2021.3/staging' branch; Version is '2021.3.4f1 (cb45f9cae8b7) revision 13321721'; Using compiler version '192829333'; Build Type 'Release'
OS: 'Windows 11  (10.0.22621) 64bit Professional' Language: 'en' Physical Memory: 16085 MB
BatchMode: 1, IsHumanControllingUs: 0, StartBugReporterOnCrash: 0, Is64bit: 1, IsPro: 1

COMMAND LINE ARGUMENTS:
C:\Program Files\Unity\Hub\Editor\2021.3.4f1\Editor\Unity.exe
-adb2
-batchMode
-noUpm
-name
AssetImportWorker1
-projectPath
C:/Users/mario/OneDrive/Desktop/ImpsProto/The_Imps_Repo/IMPS Proto
-logFile
Logs/AssetImportWorker1.log
-srvPort
55061
Successfully changed project path to: C:/Users/mario/OneDrive/Desktop/ImpsProto/The_Imps_Repo/IMPS Proto
C:/Users/mario/OneDrive/Desktop/ImpsProto/The_Imps_Repo/IMPS Proto
[UnityMemory] Configuration Parameters - Can be set up in boot.config
    "memorysetup-bucket-allocator-granularity=16"
    "memorysetup-bucket-allocator-bucket-count=8"
    "memorysetup-bucket-allocator-block-size=33554432"
    "memorysetup-bucket-allocator-block-count=8"
    "memorysetup-main-allocator-block-size=16777216"
    "memorysetup-thread-allocator-block-size=16777216"
    "memorysetup-gfx-main-allocator-block-size=16777216"
    "memorysetup-gfx-thread-allocator-block-size=16777216"
    "memorysetup-cache-allocator-block-size=4194304"
    "memorysetup-typetree-allocator-block-size=2097152"
    "memorysetup-profiler-bucket-allocator-granularity=16"
    "memorysetup-profiler-bucket-allocator-bucket-count=8"
    "memorysetup-profiler-bucket-allocator-block-size=33554432"
    "memorysetup-profiler-bucket-allocator-block-count=8"
    "memorysetup-profiler-allocator-block-size=16777216"
    "memorysetup-profiler-editor-allocator-block-size=1048576"
    "memorysetup-temp-allocator-size-main=16777216"
    "memorysetup-job-temp-allocator-block-size=2097152"
    "memorysetup-job-temp-allocator-block-size-background=1048576"
    "memorysetup-job-temp-allocator-reduction-small-platforms=262144"
    "memorysetup-temp-allocator-size-background-worker=32768"
    "memorysetup-temp-allocator-size-job-worker=262144"
    "memorysetup-temp-allocator-size-preload-manager=33554432"
    "memorysetup-temp-allocator-size-nav-mesh-worker=65536"
    "memorysetup-temp-allocator-size-audio-worker=65536"
    "memorysetup-temp-allocator-size-cloud-worker=32768"
    "memorysetup-temp-allocator-size-gi-baking-worker=262144"
    "memorysetup-temp-allocator-size-gfx=262144"
Refreshing native plugins compatible for Editor in 108.15 ms, found 4 plugins.
Preloading 0 native plugins for Editor in 0.00 ms.
Initialize engine version: 2021.3.4f1 (cb45f9cae8b7)
[Subsystems] Discovering subsystems at path C:/Program Files/Unity/Hub/Editor/2021.3.4f1/Editor/Data/Resources/UnitySubsystems
[Subsystems] Discovering subsystems at path C:/Users/mario/OneDrive/Desktop/ImpsProto/The_Imps_Repo/IMPS Proto/Assets
GfxDevice: creating device client; threaded=0; jobified=0
Direct3D:
    Version:  Direct3D 11.0 [level 11.1]
    Renderer: NVIDIA GeForce RTX 3080 Laptop GPU (ID=0x249c)
    Vendor:   NVIDIA
    VRAM:     16202 MB
    Driver:   31.0.15.1659
Initialize mono
Mono path[0] = 'C:/Program Files/Unity/Hub/Editor/2021.3.4f1/Editor/Data/Managed'
Mono path[1] = 'C:/Program Files/Unity/Hub/Editor/2021.3.4f1/Editor/Data/MonoBleedingEdge/lib/mono/unityjit-win32'
Mono config path = 'C:/Program Files/Unity/Hub/Editor/2021.3.4f1/Editor/Data/MonoBleedingEdge/etc'
Using monoOptions --debugger-agent=transport=dt_socket,embedding=1,server=y,suspend=n,address=127.0.0.1:56652
Begin MonoManager ReloadAssembly
Registering precompiled unity dll's ...
Register platform support module: C:/Program Files/Unity/Hub/Editor/2021.3.4f1/Editor/Data/PlaybackEngines/WebGLSupport/UnityEditor.WebGL.Extensions.dll
Register platform support module: C:/Program Files/Unity/Hub/Editor/2021.3.4f1/Editor/Data/PlaybackEngines/MacStandaloneSupport/UnityEditor.OSXStandalone.Extensions.dll
Register platform support module: C:/Program Files/Unity/Hub/Editor/2021.3.4f1/Editor/Data/PlaybackEngines/AndroidPlayer/UnityEditor.Android.Extensions.dll
Register platform support module: C:/Program Files/Unity/Hub/Editor/2021.3.4f1/Editor/Data/PlaybackEngines/iOSSupport/UnityEditor.iOS.Extensions.dll
Register platform support module: C:/Program Files/Unity/Hub/Editor/2021.3.4f1/Editor/Data/PlaybackEngines/AppleTVSupport/UnityEditor.AppleTV.Extensions.dll
Register platform support module: C:/Program Files/Unity/Hub/Editor/2021.3.4f1/Editor/Data/PlaybackEngines/WindowsStandaloneSupport/UnityEditor.WindowsStandalone.Extensions.dll
Register platform support module: C:/Program Files/Unity/Hub/Editor/2021.3.4f1/Editor/Data/PlaybackEngines/LinuxStandaloneSupport/UnityEditor.LinuxStandalone.Extensions.dll
Register platform support module: C:/Program Files/Unity/Hub/Editor/2021.3.4f1/Editor/Data/PlaybackEngines/MetroSupport/UnityEditor.UWP.Extensions.dll
Registered in 0.006836 seconds.
Native extension for UWP target not found
Native extension for LinuxStandalone target not found
Native extension for WindowsStandalone target not found
[usbmuxd] Start listen thread
[usbmuxd] Listen thread started
Native extension for AppleTV target not found
[usbmuxd] Start listen thread
[usbmuxd] Listen thread started
Native extension for iOS target not found
Native extension for Android target not found
Native extension for OSXStandalone target not found
Native extension for WebGL target not found
Refreshing native plugins compatible for Editor in 100.52 ms, found 4 plugins.
Preloading 0 native plugins for Editor in 0.00 ms.
Mono: successfully reloaded assembly
- Completed reload, in  0.623 seconds
Domain Reload Profiling:
	ReloadAssembly (624ms)
		BeginReloadAssembly (68ms)
			ExecutionOrderSort (0ms)
			DisableScriptedObjects (0ms)
			BackupInstance (0ms)
			ReleaseScriptingObjects (0ms)
			CreateAndSetChildDomain (1ms)
		EndReloadAssembly (458ms)
			LoadAssemblies (68ms)
			RebuildTransferFunctionScriptingTraits (0ms)
			SetupTypeCache (102ms)
			ReleaseScriptCaches (0ms)
			RebuildScriptCaches (22ms)
			SetupLoadedEditorAssemblies (288ms)
				LogAssemblyErrors (0ms)
				InitializePlatformSupportModulesInManaged (65ms)
				SetLoadedEditorAssemblies (0ms)
				RefreshPlugins (101ms)
				BeforeProcessingInitializeOnLoad (1ms)
				ProcessInitializeOnLoadAttributes (84ms)
				ProcessInitializeOnLoadMethodAttributes (37ms)
				AfterProcessingInitializeOnLoad (0ms)
				EditorAssembliesLoaded (0ms)
			ExecutionOrderSort2 (0ms)
			AwakeInstancesAfterBackupRestoration (0ms)
Platform modules already initialized, skipping
Registering precompiled user dll's ...
Registered in 0.004464 seconds.
Begin MonoManager ReloadAssembly
Symbol file LoadedFromMemory doesn't match image C:\Users\mario\OneDrive\Desktop\ImpsProto\The_Imps_Repo\IMPS Proto\Library\PackageCache\com.unity.visualscripting@1.7.8\Editor\VisualScripting.Core\Dependencies\YamlDotNet\Unity.VisualScripting.YamlDotNet.dll
Symbol file LoadedFromMemory doesn't match image C:\Users\mario\OneDrive\Desktop\ImpsProto\The_Imps_Repo\IMPS Proto\Library\PackageCache\com.unity.visualscripting@1.7.8\Editor\VisualScripting.Core\Dependencies\DotNetZip\Unity.VisualScripting.IonicZip.dll
Native extension for UWP target not found
Native extension for LinuxStandalone target not found
Native extension for WindowsStandalone target not found
Native extension for AppleTV target not found
Native extension for iOS target not found
Native extension for Android target not found
Native extension for OSXStandalone target not found
Native extension for WebGL target not found
Refreshing native plugins compatible for Editor in 104.17 ms, found 4 plugins.
Preloading 0 native plugins for Editor in 0.00 ms.
Mono: successfully reloaded assembly
- Completed reload, in  1.360 seconds
Domain Reload Profiling:
	ReloadAssembly (1360ms)
		BeginReloadAssembly (194ms)
			ExecutionOrderSort (0ms)
			DisableScriptedObjects (4ms)
			BackupInstance (0ms)
			ReleaseScriptingObjects (0ms)
			CreateAndSetChildDomain (122ms)
		EndReloadAssembly (1073ms)
			LoadAssemblies (66ms)
			RebuildTransferFunctionScriptingTraits (0ms)
			SetupTypeCache (235ms)
			ReleaseScriptCaches (1ms)
			RebuildScriptCaches (51ms)
			SetupLoadedEditorAssemblies (684ms)
				LogAssemblyErrors (0ms)
				InitializePlatformSupportModulesInManaged (26ms)
				SetLoadedEditorAssemblies (0ms)
				RefreshPlugins (104ms)
				BeforeProcessingInitializeOnLoad (109ms)
				ProcessInitializeOnLoadAttributes (421ms)
				ProcessInitializeOnLoadMethodAttributes (19ms)
				AfterProcessingInitializeOnLoad (4ms)
				EditorAssembliesLoaded (0ms)
			ExecutionOrderSort2 (0ms)
			AwakeInstancesAfterBackupRestoration (4ms)
Platform modules already initialized, skipping
========================================================================
Worker process is ready to serve import requests
Launched and connected shader compiler UnityShaderCompiler.exe after 0.04 seconds
Refreshing native plugins compatible for Editor in 1.28 ms, found 4 plugins.
Preloading 0 native plugins for Editor in 0.00 ms.
Unloading 4322 Unused Serialized files (Serialized files now loaded: 0)
Unloading 129 unused Assets / (1.6 MB). Loaded Objects now: 4768.
Memory consumption went from 164.7 MB to 163.1 MB.
Total: 4.109400 ms (FindLiveObjects: 0.375300 ms CreateObjectMapping: 0.169000 ms MarkObjects: 2.948700 ms  DeleteObjects: 0.615000 ms)

AssetImportParameters requested are different than current active one (requested -> active):
  custom:video-decoder-ogg-theora: a1e56fd34408186e4bbccfd4996cb3dc -> 
  custom:container-muxer-webm: aa71ff27fc2769a1b78a27578f13a17b -> 
  custom:container-demuxer-webm: 4f35f7cbe854078d1ac9338744f61a02 -> 
  custom:video-encoder-webm-vp8: eb34c28f22e8b96e1ab97ce403110664 -> 
  custom:audio-encoder-webm-vorbis: bf7c407c2cedff20999df2af8eb42d56 -> 
  custom:framework-win-MediaFoundation: 216162199b28c13a410421893ffa2e32 -> 
  custom:container-demuxer-ogg: 62fdf1f143b41e24485cea50d1cbac27 -> 
  custom:video-decoder-webm-vp8: 9c59270c3fd7afecdb556c50c9e8de78 -> 
  custom:audio-decoder-ogg-vorbis: bf7c407c2cedff20999df2af8eb42d56 -> 
========================================================================
Received Import Request.
  Time since last request: 347853.425747 seconds.
  path: Assets/UnityStoreDownloads/Robot_Soldier/Materials/Robot_Soldier_Black.mat
  artifactKey: Guid(d5aafb5ec9da01242b0ee1cf8e1b5945) Importer(815301076,1909f56bfc062723c751e8b465ee728b)
Start importing Assets/UnityStoreDownloads/Robot_Soldier/Materials/Robot_Soldier_Black.mat using Guid(d5aafb5ec9da01242b0ee1cf8e1b5945) Importer(815301076,1909f56bfc062723c751e8b465ee728b)  -> (artifact id: '3d373773b6a7c9b0d4d721d098d29334') in 0.310717 seconds 
========================================================================
Received Import Request.
  Time since last request: 0.000035 seconds.
  path: Assets/Materials/Free Stylized Skybox/CubeMap/Materials/Sky_Anime_03_Day_a.mat
  artifactKey: Guid(55e64e617a8bfff4ba846574e2651eb9) Importer(815301076,1909f56bfc062723c751e8b465ee728b)
Start importing Assets/Materials/Free Stylized Skybox/CubeMap/Materials/Sky_Anime_03_Day_a.mat using Guid(55e64e617a8bfff4ba846574e2651eb9) Importer(815301076,1909f56bfc062723c751e8b465ee728b)  -> (artifact id: 'e3da720cf3bee46888c0895c6b7be886') in 0.308884 seconds 
========================================================================
Received Import Request.
  Time since last request: 0.000081 seconds.
  path: Assets/Materials/Free Stylized Skybox/CubeMap/Materials/Sky_LowPoly_02_Night_a.mat
  artifactKey: Guid(c1c961cbd00909b45b34d97fd7df5cbf) Importer(815301076,1909f56bfc062723c751e8b465ee728b)
Start importing Assets/Materials/Free Stylized Skybox/CubeMap/Materials/Sky_LowPoly_02_Night_a.mat using Guid(c1c961cbd00909b45b34d97fd7df5cbf) Importer(815301076,1909f56bfc062723c751e8b465ee728b)  -> (artifact id: '8324c1eb41de8e34e8d4ecbb9e823fad') in 0.205116 seconds 
========================================================================
Received Import Request.
  Time since last request: 0.000037 seconds.
  path: Assets/Materials/Free Stylized Skybox/CubeMap/Materials/Sky_LowPoly_01_Day_a.mat
  artifactKey: Guid(133347283e115d147a5fcce7f47a538f) Importer(815301076,1909f56bfc062723c751e8b465ee728b)
Start importing Assets/Materials/Free Stylized Skybox/CubeMap/Materials/Sky_LowPoly_01_Day_a.mat using Guid(133347283e115d147a5fcce7f47a538f) Importer(815301076,1909f56bfc062723c751e8b465ee728b)  -> (artifact id: '6f5e48adcddb6d7ec2633e0e66834b40') in 0.226551 seconds 
========================================================================
Received Import Request.
  Time since last request: 0.000051 seconds.
  path: Assets/Prefabs/Enemies/PainBots/Free Skyboxes - Space/SBS Space 1/Medium/Skybox_Space 1 Medium.mat
  artifactKey: Guid(cb4b6d1bf9c978042b7931378995b776) Importer(815301076,1909f56bfc062723c751e8b465ee728b)
Start importing Assets/Prefabs/Enemies/PainBots/Free Skyboxes - Space/SBS Space 1/Medium/Skybox_Space 1 Medium.mat using Guid(cb4b6d1bf9c978042b7931378995b776) Importer(815301076,1909f56bfc062723c751e8b465ee728b)  -> (artifact id: 'b0713d26733abe267f09cdf4065a26df') in 1.273488 seconds 
========================================================================
Received Import Request.
  Time since last request: 0.000031 seconds.
  path: Assets/Materials/LowlyPoly/Free Stylized Textures/Materials/Vol_49_5_Rocks.mat
  artifactKey: Guid(67436367136736141b5c7e131555c4d1) Importer(815301076,1909f56bfc062723c751e8b465ee728b)
Start importing Assets/Materials/LowlyPoly/Free Stylized Textures/Materials/Vol_49_5_Rocks.mat using Guid(67436367136736141b5c7e131555c4d1) Importer(815301076,1909f56bfc062723c751e8b465ee728b)  -> (artifact id: '8e9d10d88ae363366fe0ec0c598da463') in 0.091494 seconds 
========================================================================
Received Import Request.
  Time since last request: 0.000073 seconds.
  path: Assets/Materials/Free Stylized Skybox/CubeMap/Materials/Sky_Anime_11_morning_a.mat
  artifactKey: Guid(8162517b6ec2309499f99e303b29f146) Importer(815301076,1909f56bfc062723c751e8b465ee728b)
Start importing Assets/Materials/Free Stylized Skybox/CubeMap/Materials/Sky_Anime_11_morning_a.mat using Guid(8162517b6ec2309499f99e303b29f146) Importer(815301076,1909f56bfc062723c751e8b465ee728b)  -> (artifact id: 'd85c3411c4a98ff3b6044b0267c13395') in 0.176544 seconds 
========================================================================
Received Import Request.
  Time since last request: 0.000029 seconds.
  path: Assets/UnityStoreDownloads/Robot_Soldier/Materials/Robot_Soldier_Blue.mat
  artifactKey: Guid(1654ec2413acdbd4481c58b3371dbec3) Importer(815301076,1909f56bfc062723c751e8b465ee728b)
Start importing Assets/UnityStoreDownloads/Robot_Soldier/Materials/Robot_Soldier_Blue.mat using Guid(1654ec2413acdbd4481c58b3371dbec3) Importer(815301076,1909f56bfc062723c751e8b465ee728b)  -> (artifact id: 'a77a961e344cb21b79c05f82aa45063d') in 0.099055 seconds 
========================================================================
Received Import Request.
  Time since last request: 25.122845 seconds.
  path: Assets/Fonts/neuropol.otf
  artifactKey: Guid(a5fc024c41951fa4583eac93d2c0ae30) Importer(815301076,1909f56bfc062723c751e8b465ee728b)
Start importing Assets/Fonts/neuropol.otf using Guid(a5fc024c41951fa4583eac93d2c0ae30) Importer(815301076,1909f56bfc062723c751e8b465ee728b)  -> (artifact id: '3d63902b37d05a053120afde4821a1da') in 0.041277 seconds 
========================================================================
Received Import Request.
  Time since last request: 0.077578 seconds.
  path: Assets/Animations/Ch44_nonPBR@Rifle Idle.fbx
  artifactKey: Guid(2758fed2e2648df408633ab28ea8fdcb) Importer(815301076,1909f56bfc062723c751e8b465ee728b)
Start importing Assets/Animations/Ch44_nonPBR@Rifle Idle.fbx using Guid(2758fed2e2648df408633ab28ea8fdcb) Importer(815301076,1909f56bfc062723c751e8b465ee728b)  -> (artifact id: '3ead7af30083c5cc821b2acd3948498f') in 0.124564 seconds 
========================================================================
Received Import Request.
  Time since last request: 0.000031 seconds.
  path: Assets/Materials/Our Materials/Floor.mat
  artifactKey: Guid(f449ca5c342f3854b92a023336e74797) Importer(815301076,1909f56bfc062723c751e8b465ee728b)
Start importing Assets/Materials/Our Materials/Floor.mat using Guid(f449ca5c342f3854b92a023336e74797) Importer(815301076,1909f56bfc062723c751e8b465ee728b)  -> (artifact id: '7478cae8679b7fcb16fc8cb0a2a907f0') in 0.018726 seconds 
Editor requested this worker to shutdown with reason: Scaling down because of idle timeout
AssetImportWorker is now disconnected from the server
Process exiting
Exiting without the bug reporter. Application will terminate with return code 0