Using pre-set license
Built from '2021.3/staging' branch; Version is '2021.3.4f1 (cb45f9cae8b7) revision 13321721'; Using compiler version '192829333'; Build Type 'Release'
OS: 'Windows 11  (10.0.22621) 64bit Professional' Language: 'en' Physical Memory: 16085 MB
BatchMode: 1, IsHumanControllingUs: 0, StartBugReporterOnCrash: 0, Is64bit: 1, IsPro: 1

COMMAND LINE ARGUMENTS:
C:\Program Files\Unity\Hub\Editor\2021.3.4f1\Editor\Unity.exe
-adb2
-batchMode
-noUpm
-name
AssetImportWorker6
-projectPath
C:/Users/mario/OneDrive/Desktop/ImpsProto/The_Imps_Repo/IMPS Proto
-logFile
Logs/AssetImportWorker6.log
-srvPort
50294
Successfully changed project path to: C:/Users/mario/OneDrive/Desktop/ImpsProto/The_Imps_Repo/IMPS Proto
C:/Users/mario/OneDrive/Desktop/ImpsProto/The_Imps_Repo/IMPS Proto
[UnityMemory] Configuration Parameters - Can be set up in boot.config
    "memorysetup-bucket-allocator-granularity=16"
    "memorysetup-bucket-allocator-bucket-count=8"
    "memorysetup-bucket-allocator-block-size=33554432"
    "memorysetup-bucket-allocator-block-count=8"
    "memorysetup-main-allocator-block-size=16777216"
    "memorysetup-thread-allocator-block-size=16777216"
    "memorysetup-gfx-main-allocator-block-size=16777216"
    "memorysetup-gfx-thread-allocator-block-size=16777216"
    "memorysetup-cache-allocator-block-size=4194304"
    "memorysetup-typetree-allocator-block-size=2097152"
    "memorysetup-profiler-bucket-allocator-granularity=16"
    "memorysetup-profiler-bucket-allocator-bucket-count=8"
    "memorysetup-profiler-bucket-allocator-block-size=33554432"
    "memorysetup-profiler-bucket-allocator-block-count=8"
    "memorysetup-profiler-allocator-block-size=16777216"
    "memorysetup-profiler-editor-allocator-block-size=1048576"
    "memorysetup-temp-allocator-size-main=16777216"
    "memorysetup-job-temp-allocator-block-size=2097152"
    "memorysetup-job-temp-allocator-block-size-background=1048576"
    "memorysetup-job-temp-allocator-reduction-small-platforms=262144"
    "memorysetup-temp-allocator-size-background-worker=32768"
    "memorysetup-temp-allocator-size-job-worker=262144"
    "memorysetup-temp-allocator-size-preload-manager=33554432"
    "memorysetup-temp-allocator-size-nav-mesh-worker=65536"
    "memorysetup-temp-allocator-size-audio-worker=65536"
    "memorysetup-temp-allocator-size-cloud-worker=32768"
    "memorysetup-temp-allocator-size-gi-baking-worker=262144"
    "memorysetup-temp-allocator-size-gfx=262144"
Refreshing native plugins compatible for Editor in 112.36 ms, found 4 plugins.
Preloading 0 native plugins for Editor in 0.00 ms.
Initialize engine version: 2021.3.4f1 (cb45f9cae8b7)
[Subsystems] Discovering subsystems at path C:/Program Files/Unity/Hub/Editor/2021.3.4f1/Editor/Data/Resources/UnitySubsystems
[Subsystems] Discovering subsystems at path C:/Users/mario/OneDrive/Desktop/ImpsProto/The_Imps_Repo/IMPS Proto/Assets
GfxDevice: creating device client; threaded=0; jobified=0
Direct3D:
    Version:  Direct3D 11.0 [level 11.1]
    Renderer: NVIDIA GeForce RTX 3080 Laptop GPU (ID=0x249c)
    Vendor:   NVIDIA
    VRAM:     16202 MB
    Driver:   31.0.15.1659
Initialize mono
Mono path[0] = 'C:/Program Files/Unity/Hub/Editor/2021.3.4f1/Editor/Data/Managed'
Mono path[1] = 'C:/Program Files/Unity/Hub/Editor/2021.3.4f1/Editor/Data/MonoBleedingEdge/lib/mono/unityjit-win32'
Mono config path = 'C:/Program Files/Unity/Hub/Editor/2021.3.4f1/Editor/Data/MonoBleedingEdge/etc'
Using monoOptions --debugger-agent=transport=dt_socket,embedding=1,server=y,suspend=n,address=127.0.0.1:56832
Begin MonoManager ReloadAssembly
Registering precompiled unity dll's ...
Register platform support module: C:/Program Files/Unity/Hub/Editor/2021.3.4f1/Editor/Data/PlaybackEngines/WebGLSupport/UnityEditor.WebGL.Extensions.dll
Register platform support module: C:/Program Files/Unity/Hub/Editor/2021.3.4f1/Editor/Data/PlaybackEngines/MacStandaloneSupport/UnityEditor.OSXStandalone.Extensions.dll
Register platform support module: C:/Program Files/Unity/Hub/Editor/2021.3.4f1/Editor/Data/PlaybackEngines/AndroidPlayer/UnityEditor.Android.Extensions.dll
Register platform support module: C:/Program Files/Unity/Hub/Editor/2021.3.4f1/Editor/Data/PlaybackEngines/iOSSupport/UnityEditor.iOS.Extensions.dll
Register platform support module: C:/Program Files/Unity/Hub/Editor/2021.3.4f1/Editor/Data/PlaybackEngines/AppleTVSupport/UnityEditor.AppleTV.Extensions.dll
Register platform support module: C:/Program Files/Unity/Hub/Editor/2021.3.4f1/Editor/Data/PlaybackEngines/WindowsStandaloneSupport/UnityEditor.WindowsStandalone.Extensions.dll
Register platform support module: C:/Program Files/Unity/Hub/Editor/2021.3.4f1/Editor/Data/PlaybackEngines/LinuxStandaloneSupport/UnityEditor.LinuxStandalone.Extensions.dll
Register platform support module: C:/Program Files/Unity/Hub/Editor/2021.3.4f1/Editor/Data/PlaybackEngines/MetroSupport/UnityEditor.UWP.Extensions.dll
Registered in 0.007797 seconds.
Native extension for UWP target not found
Native extension for LinuxStandalone target not found
Native extension for WindowsStandalone target not found
[usbmuxd] Start listen thread
[usbmuxd] Listen thread started
Native extension for AppleTV target not found
[usbmuxd] Start listen thread
[usbmuxd] Listen thread started
Native extension for iOS target not found
Native extension for Android target not found
Native extension for OSXStandalone target not found
Native extension for WebGL target not found
Refreshing native plugins compatible for Editor in 98.15 ms, found 4 plugins.
Preloading 0 native plugins for Editor in 0.00 ms.
Mono: successfully reloaded assembly
- Completed reload, in  0.660 seconds
Domain Reload Profiling:
	ReloadAssembly (661ms)
		BeginReloadAssembly (75ms)
			ExecutionOrderSort (0ms)
			DisableScriptedObjects (0ms)
			BackupInstance (0ms)
			ReleaseScriptingObjects (0ms)
			CreateAndSetChildDomain (1ms)
		EndReloadAssembly (463ms)
			LoadAssemblies (75ms)
			RebuildTransferFunctionScriptingTraits (0ms)
			SetupTypeCache (99ms)
			ReleaseScriptCaches (0ms)
			RebuildScriptCaches (24ms)
			SetupLoadedEditorAssemblies (296ms)
				LogAssemblyErrors (0ms)
				InitializePlatformSupportModulesInManaged (65ms)
				SetLoadedEditorAssemblies (0ms)
				RefreshPlugins (98ms)
				BeforeProcessingInitializeOnLoad (1ms)
				ProcessInitializeOnLoadAttributes (88ms)
				ProcessInitializeOnLoadMethodAttributes (43ms)
				AfterProcessingInitializeOnLoad (0ms)
				EditorAssembliesLoaded (0ms)
			ExecutionOrderSort2 (0ms)
			AwakeInstancesAfterBackupRestoration (0ms)
Platform modules already initialized, skipping
Registering precompiled user dll's ...
Registered in 0.004831 seconds.
Begin MonoManager ReloadAssembly
Symbol file LoadedFromMemory doesn't match image C:\Users\mario\OneDrive\Desktop\ImpsProto\The_Imps_Repo\IMPS Proto\Library\PackageCache\com.unity.visualscripting@1.7.8\Editor\VisualScripting.Core\Dependencies\YamlDotNet\Unity.VisualScripting.YamlDotNet.dll
Symbol file LoadedFromMemory doesn't match image C:\Users\mario\OneDrive\Desktop\ImpsProto\The_Imps_Repo\IMPS Proto\Library\PackageCache\com.unity.visualscripting@1.7.8\Editor\VisualScripting.Core\Dependencies\DotNetZip\Unity.VisualScripting.IonicZip.dll
Native extension for UWP target not found
Native extension for LinuxStandalone target not found
Native extension for WindowsStandalone target not found
Native extension for AppleTV target not found
Native extension for iOS target not found
Native extension for Android target not found
Native extension for OSXStandalone target not found
Native extension for WebGL target not found
Refreshing native plugins compatible for Editor in 95.54 ms, found 4 plugins.
Preloading 0 native plugins for Editor in 0.00 ms.
Mono: successfully reloaded assembly
- Completed reload, in  1.337 seconds
Domain Reload Profiling:
	ReloadAssembly (1338ms)
		BeginReloadAssembly (185ms)
			ExecutionOrderSort (0ms)
			DisableScriptedObjects (5ms)
			BackupInstance (0ms)
			ReleaseScriptingObjects (0ms)
			CreateAndSetChildDomain (118ms)
		EndReloadAssembly (1053ms)
			LoadAssemblies (78ms)
			RebuildTransferFunctionScriptingTraits (0ms)
			SetupTypeCache (225ms)
			ReleaseScriptCaches (1ms)
			RebuildScriptCaches (46ms)
			SetupLoadedEditorAssemblies (662ms)
				LogAssemblyErrors (0ms)
				InitializePlatformSupportModulesInManaged (25ms)
				SetLoadedEditorAssemblies (0ms)
				RefreshPlugins (96ms)
				BeforeProcessingInitializeOnLoad (104ms)
				ProcessInitializeOnLoadAttributes (408ms)
				ProcessInitializeOnLoadMethodAttributes (23ms)
				AfterProcessingInitializeOnLoad (5ms)
				EditorAssembliesLoaded (0ms)
			ExecutionOrderSort2 (0ms)
			AwakeInstancesAfterBackupRestoration (6ms)
Platform modules already initialized, skipping
========================================================================
Worker process is ready to serve import requests
Launched and connected shader compiler UnityShaderCompiler.exe after 0.04 seconds
Refreshing native plugins compatible for Editor in 0.75 ms, found 4 plugins.
Preloading 0 native plugins for Editor in 0.00 ms.
Unloading 4300 Unused Serialized files (Serialized files now loaded: 0)
Unloading 130 unused Assets / (1.6 MB). Loaded Objects now: 4743.
Memory consumption went from 162.5 MB to 160.9 MB.
Total: 3.500300 ms (FindLiveObjects: 0.373400 ms CreateObjectMapping: 0.128700 ms MarkObjects: 2.573200 ms  DeleteObjects: 0.424200 ms)

AssetImportParameters requested are different than current active one (requested -> active):
  custom:video-decoder-ogg-theora: a1e56fd34408186e4bbccfd4996cb3dc -> 
  custom:container-muxer-webm: aa71ff27fc2769a1b78a27578f13a17b -> 
  custom:container-demuxer-webm: 4f35f7cbe854078d1ac9338744f61a02 -> 
  custom:video-encoder-webm-vp8: eb34c28f22e8b96e1ab97ce403110664 -> 
  custom:audio-encoder-webm-vorbis: bf7c407c2cedff20999df2af8eb42d56 -> 
  custom:framework-win-MediaFoundation: 216162199b28c13a410421893ffa2e32 -> 
  custom:container-demuxer-ogg: 62fdf1f143b41e24485cea50d1cbac27 -> 
  custom:video-decoder-webm-vp8: 9c59270c3fd7afecdb556c50c9e8de78 -> 
  custom:audio-decoder-ogg-vorbis: bf7c407c2cedff20999df2af8eb42d56 -> 
========================================================================
Received Import Request.
  Time since last request: 138690.654839 seconds.
  path: Assets/Scripts/player
  artifactKey: Guid(99eb54dba34ba9041a97e03bae20c48d) Importer(815301076,1909f56bfc062723c751e8b465ee728b)
Start importing Assets/Scripts/player using Guid(99eb54dba34ba9041a97e03bae20c48d) Importer(815301076,1909f56bfc062723c751e8b465ee728b)  -> (artifact id: '5f01dab7e9f674ceaccc6cf8aaf50aa3') in 0.009416 seconds 
========================================================================
Received Import Request.
  Time since last request: 1.125827 seconds.
  path: Assets/Scripts/player/playerController.cs
  artifactKey: Guid(48a7bc1c8455da241a5c0b63a548e1ef) Importer(815301076,1909f56bfc062723c751e8b465ee728b)
Start importing Assets/Scripts/player/playerController.cs using Guid(48a7bc1c8455da241a5c0b63a548e1ef) Importer(815301076,1909f56bfc062723c751e8b465ee728b)  -> (artifact id: 'f80b32cacd3c779e42a7a2b44f831dee') in 0.018751 seconds 
========================================================================
Received Import Request.
  Time since last request: 415.209402 seconds.
  path: Assets/Materials/LowlyPoly/Free Stylized Textures/Textures/vol_2_3_Wood_Ambient_Occlusion.png
  artifactKey: Guid(b14c4799c9487dc42a880da5a7c5892a) Importer(815301076,1909f56bfc062723c751e8b465ee728b)
Start importing Assets/Materials/LowlyPoly/Free Stylized Textures/Textures/vol_2_3_Wood_Ambient_Occlusion.png using Guid(b14c4799c9487dc42a880da5a7c5892a) Importer(815301076,1909f56bfc062723c751e8b465ee728b)  -> (artifact id: '890d3aa3af4c661c5b462abf9fc09ffb') in 0.053085 seconds 
========================================================================
Received Import Request.
  Time since last request: 0.000029 seconds.
  path: Assets/Materials/LowlyPoly/Free Stylized Textures/Textures/Vol_7_1_Tiles_Base_Color.png
  artifactKey: Guid(aa3e95facbcb2874ea5d0fa0ce8ab8f2) Importer(815301076,1909f56bfc062723c751e8b465ee728b)
Start importing Assets/Materials/LowlyPoly/Free Stylized Textures/Textures/Vol_7_1_Tiles_Base_Color.png using Guid(aa3e95facbcb2874ea5d0fa0ce8ab8f2) Importer(815301076,1909f56bfc062723c751e8b465ee728b)  -> (artifact id: '3d4542937ae24515dffe5812c885af81') in 0.015140 seconds 
========================================================================
Received Import Request.
  Time since last request: 0.000028 seconds.
  path: Assets/Materials/LowlyPoly/Free Stylized Textures/Textures/vol_2_3_Wood_Height.png
  artifactKey: Guid(f8af072333a7c6e49a1a1de5d106e5c4) Importer(815301076,1909f56bfc062723c751e8b465ee728b)
Start importing Assets/Materials/LowlyPoly/Free Stylized Textures/Textures/vol_2_3_Wood_Height.png using Guid(f8af072333a7c6e49a1a1de5d106e5c4) Importer(815301076,1909f56bfc062723c751e8b465ee728b)  -> (artifact id: 'a1441d76b646bece9174358be3de8d83') in 0.012331 seconds 
========================================================================
Received Import Request.
  Time since last request: 0.000021 seconds.
  path: Assets/Materials/LowlyPoly/Free Stylized Textures/Textures/Vol_7_1_Tiles_Normal.png
  artifactKey: Guid(8931af16587629c4187693a56cd9de54) Importer(815301076,1909f56bfc062723c751e8b465ee728b)
Start importing Assets/Materials/LowlyPoly/Free Stylized Textures/Textures/Vol_7_1_Tiles_Normal.png using Guid(8931af16587629c4187693a56cd9de54) Importer(815301076,1909f56bfc062723c751e8b465ee728b)  -> (artifact id: 'e51a1db29c76706caea743c32d589796') in 0.049075 seconds 
========================================================================
Received Import Request.
  Time since last request: 0.000021 seconds.
  path: Assets/Materials/LowlyPoly/Free Stylized Textures/Textures/Vol_7_1_Tiles_Height.png
  artifactKey: Guid(6d7c872c3a1aea8448fd8eb308df97f3) Importer(815301076,1909f56bfc062723c751e8b465ee728b)
Start importing Assets/Materials/LowlyPoly/Free Stylized Textures/Textures/Vol_7_1_Tiles_Height.png using Guid(6d7c872c3a1aea8448fd8eb308df97f3) Importer(815301076,1909f56bfc062723c751e8b465ee728b)  -> (artifact id: '30ed49dc5dfadcadab4857edec8117f2') in 0.010153 seconds 
========================================================================
Received Import Request.
  Time since last request: 0.651670 seconds.
  path: Assets/Materials/LowlyPoly/Free Stylized Textures/Textures/Vol_7_1_Tiles_Roughness.png
  artifactKey: Guid(aeba06a561ff961458da37a0a69eea0c) Importer(815301076,1909f56bfc062723c751e8b465ee728b)
Start importing Assets/Materials/LowlyPoly/Free Stylized Textures/Textures/Vol_7_1_Tiles_Roughness.png using Guid(aeba06a561ff961458da37a0a69eea0c) Importer(815301076,1909f56bfc062723c751e8b465ee728b)  -> (artifact id: 'b40016d9e10705c830ded90e69105ce7') in 0.009126 seconds 
========================================================================
Received Import Request.
  Time since last request: 0.010494 seconds.
  path: Assets/Materials/LowlyPoly/Free Stylized Textures/Textures/Vol_16_2_Sand_Ambient_Occlusion.png
  artifactKey: Guid(87371d6475acff34aaf1fd4596845388) Importer(815301076,1909f56bfc062723c751e8b465ee728b)
Start importing Assets/Materials/LowlyPoly/Free Stylized Textures/Textures/Vol_16_2_Sand_Ambient_Occlusion.png using Guid(87371d6475acff34aaf1fd4596845388) Importer(815301076,1909f56bfc062723c751e8b465ee728b)  -> (artifact id: '896999b6d49d07e2cc6031f24872f536') in 0.010903 seconds 
========================================================================
Received Import Request.
  Time since last request: 0.735833 seconds.
  path: Assets/Materials/LowlyPoly/Free Stylized Textures/Textures/Vol_16_2_Sand_Height.png
  artifactKey: Guid(e750983d767f3e546a43fc035a7d2d6d) Importer(815301076,1909f56bfc062723c751e8b465ee728b)
Start importing Assets/Materials/LowlyPoly/Free Stylized Textures/Textures/Vol_16_2_Sand_Height.png using Guid(e750983d767f3e546a43fc035a7d2d6d) Importer(815301076,1909f56bfc062723c751e8b465ee728b)  -> (artifact id: '67a4da60a9334b3b89905e56c2b18acd') in 0.009422 seconds 
========================================================================
Received Import Request.
  Time since last request: 0.022308 seconds.
  path: Assets/Materials/LowlyPoly/Free Stylized Textures/Textures/Vol_16_2_Sand_Normal.png
  artifactKey: Guid(4afc1765a23e31b4d91c3c7223087506) Importer(815301076,1909f56bfc062723c751e8b465ee728b)
Start importing Assets/Materials/LowlyPoly/Free Stylized Textures/Textures/Vol_16_2_Sand_Normal.png using Guid(4afc1765a23e31b4d91c3c7223087506) Importer(815301076,1909f56bfc062723c751e8b465ee728b)  -> (artifact id: '366c2bbef86b012f874239355958cf34') in 0.012717 seconds 
========================================================================
Received Import Request.
  Time since last request: 0.018641 seconds.
  path: Assets/Materials/LowlyPoly/Free Stylized Textures/Textures/Vol_16_2_Sand_Roughness.png
  artifactKey: Guid(04c0fe5e0cf253a48a1fbf82b9666e96) Importer(815301076,1909f56bfc062723c751e8b465ee728b)
Start importing Assets/Materials/LowlyPoly/Free Stylized Textures/Textures/Vol_16_2_Sand_Roughness.png using Guid(04c0fe5e0cf253a48a1fbf82b9666e96) Importer(815301076,1909f56bfc062723c751e8b465ee728b)  -> (artifact id: 'bf97db2051db26ae8605851e3f0b95a7') in 0.011584 seconds 
Editor requested this worker to shutdown with reason: Scaling down because of idle timeout
AssetImportWorker is now disconnected from the server
Process exiting
Exiting without the bug reporter. Application will terminate with return code 0